# JRE version: Java(TM) SE Runtime Environment (8.0_371) (build 1.8.0_371-b11)
# Java VM: Java HotSpot(TM) 64-Bit Server VM (25.371-b11 mixed mode windows-amd64 compressed oops)
Heap:
 PSYoungGen      total 33280K, used 5711K [0x00000000dac00000, 0x00000000ded00000, 0x0000000100000000)
  eden space 28672K, 3% used [0x00000000dac00000,0x00000000dad1bfa0,0x00000000dc800000)
  from space 4608K, 99% used [0x00000000dc800000,0x00000000dcc78040,0x00000000dcc80000)
  to   space 4608K, 0% used [0x00000000de880000,0x00000000de880000,0x00000000ded00000)
 ParOldGen       total 76800K, used 4864K [0x0000000090400000, 0x0000000094f00000, 0x00000000dac00000)
  object space 76800K, 6% used [0x0000000090400000,0x00000000908c0148,0x0000000094f00000)
 Metaspace       used 15206K, capacity 15486K, committed 15872K, reserved 1062912K
  class space    used 1859K, capacity 1948K, committed 2048K, reserved 1048576K
GC Heap History (6 events):
Event: 0.976 GC heap before
{Heap before GC invocations=1 (full 0):
 PSYoungGen      total 33280K, used 28672K [0x00000000dac00000, 0x00000000dd100000, 0x0000000100000000)
  eden space 28672K, 100% used [0x00000000dac00000,0x00000000dc800000,0x00000000dc800000)
  from space 4608K, 0% used [0x00000000dcc80000,0x00000000dcc80000,0x00000000dd100000)
  to   space 4608K, 0% used [0x00000000dc800000,0x00000000dc800000,0x00000000dcc80000)
 ParOldGen       total 76800K, used 0K [0x0000000090400000, 0x0000000094f00000, 0x00000000dac00000)
  object space 76800K, 0% used [0x0000000090400000,0x0000000090400000,0x0000000094f00000)
 Metaspace       used 8002K, capacity 8124K, committed 8320K, reserved 1056768K
  class space    used 971K, capacity 1048K, committed 1152K, reserved 1048576K
Event: 0.983 GC heap after
Heap after GC invocations=1 (full 0):
 PSYoungGen      total 33280K, used 4599K [0x00000000dac00000, 0x00000000dd100000, 0x0000000100000000)
  eden space 28672K, 0% used [0x00000000dac00000,0x00000000dac00000,0x00000000dc800000)
  from space 4608K, 99% used [0x00000000dc800000,0x00000000dcc7dfa8,0x00000000dcc80000)
  to   space 4608K, 0% used [0x00000000dcc80000,0x00000000dcc80000,0x00000000dd100000)
 ParOldGen       total 76800K, used 381K [0x0000000090400000, 0x0000000094f00000, 0x00000000dac00000)
  object space 76800K, 0% used [0x0000000090400000,0x000000009045f728,0x0000000094f00000)
 Metaspace       used 8002K, capacity 8124K, committed 8320K, reserved 1056768K
  class space    used 971K, capacity 1048K, committed 1152K, reserved 1048576K
}
Event: 1.468 GC heap before
{Heap before GC invocations=2 (full 0):
 PSYoungGen      total 33280K, used 33271K [0x00000000dac00000, 0x00000000dd100000, 0x0000000100000000)
  eden space 28672K, 100% used [0x00000000dac00000,0x00000000dc800000,0x00000000dc800000)
  from space 4608K, 99% used [0x00000000dc800000,0x00000000dcc7dfa8,0x00000000dcc80000)
  to   space 4608K, 0% used [0x00000000dcc80000,0x00000000dcc80000,0x00000000dd100000)
 ParOldGen       total 76800K, used 381K [0x0000000090400000, 0x0000000094f00000, 0x00000000dac00000)
  object space 76800K, 0% used [0x0000000090400000,0x000000009045f728,0x0000000094f00000)
 Metaspace       used 10929K, capacity 11122K, committed 11264K, reserved 1058816K
  class space    used 1346K, capacity 1446K, committed 1536K, reserved 1048576K
Event: 1.476 GC heap after
Heap after GC invocations=2 (full 0):
 PSYoungGen      total 33280K, used 4596K [0x00000000dac00000, 0x00000000ded00000, 0x0000000100000000)
  eden space 28672K, 0% used [0x00000000dac00000,0x00000000dac00000,0x00000000dc800000)
  from space 4608K, 99% used [0x00000000dcc80000,0x00000000dd0fd360,0x00000000dd100000)
  to   space 4608K, 0% used [0x00000000dc800000,0x00000000dc800000,0x00000000dcc80000)
 ParOldGen       total 76800K, used 2202K [0x0000000090400000, 0x0000000094f00000, 0x00000000dac00000)
  object space 76800K, 2% used [0x0000000090400000,0x0000000090626aa8,0x0000000094f00000)
 Metaspace       used 10929K, capacity 11122K, committed 11264K, reserved 1058816K
  class space    used 1346K, capacity 1446K, committed 1536K, reserved 1048576K
}
Event: 2.304 GC heap before
{Heap before GC invocations=3 (full 0):
 PSYoungGen      total 33280K, used 33268K [0x00000000dac00000, 0x00000000ded00000, 0x0000000100000000)
  eden space 28672K, 100% used [0x00000000dac00000,0x00000000dc800000,0x00000000dc800000)
  from space 4608K, 99% used [0x00000000dcc80000,0x00000000dd0fd360,0x00000000dd100000)
  to   space 4608K, 0% used [0x00000000dc800000,0x00000000dc800000,0x00000000dcc80000)
 ParOldGen       total 76800K, used 2202K [0x0000000090400000, 0x0000000094f00000, 0x00000000dac00000)
  object space 76800K, 2% used [0x0000000090400000,0x0000000090626aa8,0x0000000094f00000)
 Metaspace       used 15059K, capacity 15422K, committed 15616K, reserved 1062912K
  class space    used 1839K, capacity 1948K, committed 2048K, reserved 1048576K
Event: 2.317 GC heap after
Heap after GC invocations=3 (full 0):
 PSYoungGen      total 33280K, used 4576K [0x00000000dac00000, 0x00000000ded00000, 0x0000000100000000)
  eden space 28672K, 0% used [0x00000000dac00000,0x00000000dac00000,0x00000000dc800000)
  from space 4608K, 99% used [0x00000000dc800000,0x00000000dcc78040,0x00000000dcc80000)
  to   space 4608K, 0% used [0x00000000de880000,0x00000000de880000,0x00000000ded00000)
 ParOldGen       total 76800K, used 4864K [0x0000000090400000, 0x0000000094f00000, 0x00000000dac00000)
  object space 76800K, 6% used [0x0000000090400000,0x00000000908c0148,0x0000000094f00000)
 Metaspace       used 15059K, capacity 15422K, committed 15616K, reserved 1062912K
  class space    used 1839K, capacity 1948K, committed 2048K, reserved 1048576K
}

