# JRE version: Java(TM) SE Runtime Environment (8.0_371) (build 1.8.0_371-b11)
# Java VM: Java HotSpot(TM) 64-Bit Server VM (25.371-b11 mixed mode windows-amd64 compressed oops)
Heap:
 PSYoungGen      total 33280K, used 12186K [0x00000000dac00000, 0x00000000ddb00000, 0x0000000100000000)
  eden space 28672K, 26% used [0x00000000dac00000,0x00000000db369d28,0x00000000dc800000)
  from space 4608K, 99% used [0x00000000dc800000,0x00000000dcc7cca0,0x00000000dcc80000)
  to   space 4608K, 3% used [0x00000000dcc80000,0x00000000dccb4010,0x00000000dd100000)
 ParOldGen       total 52224K, used 3262K [0x0000000090400000, 0x0000000093700000, 0x00000000dac00000)
  object space 52224K, 6% used [0x0000000090400000,0x000000009072fbb8,0x0000000093700000)
 Metaspace       used 12812K, capacity 12936K, committed 13056K, reserved 1064960K
  class space    used 1612K, capacity 1705K, committed 1792K, reserved 1048576K
GC Heap History (8 events):
Event: 1.001 GC heap before
{Heap before GC invocations=1 (full 0):
 PSYoungGen      total 33280K, used 8826K [0x00000000dac00000, 0x00000000dd100000, 0x0000000100000000)
  eden space 28672K, 30% used [0x00000000dac00000,0x00000000db49e838,0x00000000dc800000)
  from space 4608K, 0% used [0x00000000dcc80000,0x00000000dcc80000,0x00000000dd100000)
  to   space 4608K, 0% used [0x00000000dc800000,0x00000000dc800000,0x00000000dcc80000)
 ParOldGen       total 76800K, used 0K [0x0000000090400000, 0x0000000094f00000, 0x00000000dac00000)
  object space 76800K, 0% used [0x0000000090400000,0x0000000090400000,0x0000000094f00000)
 Metaspace       used 5420K, capacity 5772K, committed 6016K, reserved 1056768K
  class space    used 588K, capacity 632K, committed 640K, reserved 1048576K
Event: 1.005 GC heap after
Heap after GC invocations=1 (full 0):
 PSYoungGen      total 33280K, used 2327K [0x00000000dac00000, 0x00000000dd100000, 0x0000000100000000)
  eden space 28672K, 0% used [0x00000000dac00000,0x00000000dac00000,0x00000000dc800000)
  from space 4608K, 50% used [0x00000000dc800000,0x00000000dca45dc8,0x00000000dcc80000)
  to   space 4608K, 0% used [0x00000000dcc80000,0x00000000dcc80000,0x00000000dd100000)
 ParOldGen       total 76800K, used 8K [0x0000000090400000, 0x0000000094f00000, 0x00000000dac00000)
  object space 76800K, 0% used [0x0000000090400000,0x0000000090402000,0x0000000094f00000)
 Metaspace       used 5420K, capacity 5772K, committed 6016K, reserved 1056768K
  class space    used 588K, capacity 632K, committed 640K, reserved 1048576K
}
Event: 1.005 GC heap before
{Heap before GC invocations=2 (full 1):
 PSYoungGen      total 33280K, used 2327K [0x00000000dac00000, 0x00000000dd100000, 0x0000000100000000)
  eden space 28672K, 0% used [0x00000000dac00000,0x00000000dac00000,0x00000000dc800000)
  from space 4608K, 50% used [0x00000000dc800000,0x00000000dca45dc8,0x00000000dcc80000)
  to   space 4608K, 0% used [0x00000000dcc80000,0x00000000dcc80000,0x00000000dd100000)
 ParOldGen       total 76800K, used 8K [0x0000000090400000, 0x0000000094f00000, 0x00000000dac00000)
  object space 76800K, 0% used [0x0000000090400000,0x0000000090402000,0x0000000094f00000)
 Metaspace       used 5420K, capacity 5772K, committed 6016K, reserved 1056768K
  class space    used 588K, capacity 632K, committed 640K, reserved 1048576K
Event: 1.016 GC heap after
Heap after GC invocations=2 (full 1):
 PSYoungGen      total 33280K, used 0K [0x00000000dac00000, 0x00000000dd100000, 0x0000000100000000)
  eden space 28672K, 0% used [0x00000000dac00000,0x00000000dac00000,0x00000000dc800000)
  from space 4608K, 0% used [0x00000000dc800000,0x00000000dc800000,0x00000000dcc80000)
  to   space 4608K, 0% used [0x00000000dcc80000,0x00000000dcc80000,0x00000000dd100000)
 ParOldGen       total 52224K, used 2115K [0x0000000090400000, 0x0000000093700000, 0x00000000dac00000)
  object space 52224K, 4% used [0x0000000090400000,0x0000000090610db8,0x0000000093700000)
 Metaspace       used 5420K, capacity 5772K, committed 6016K, reserved 1056768K
  class space    used 588K, capacity 632K, committed 640K, reserved 1048576K
}
Event: 2.003 GC heap before
{Heap before GC invocations=3 (full 1):
 PSYoungGen      total 33280K, used 28672K [0x00000000dac00000, 0x00000000dd100000, 0x0000000100000000)
  eden space 28672K, 100% used [0x00000000dac00000,0x00000000dc800000,0x00000000dc800000)
  from space 4608K, 0% used [0x00000000dc800000,0x00000000dc800000,0x00000000dcc80000)
  to   space 4608K, 0% used [0x00000000dcc80000,0x00000000dcc80000,0x00000000dd100000)
 ParOldGen       total 52224K, used 2115K [0x0000000090400000, 0x0000000093700000, 0x00000000dac00000)
  object space 52224K, 4% used [0x0000000090400000,0x0000000090610db8,0x0000000093700000)
 Metaspace       used 8710K, capacity 8840K, committed 9088K, reserved 1056768K
  class space    used 1055K, capacity 1114K, committed 1152K, reserved 1048576K
Event: 2.010 GC heap after
Heap after GC invocations=3 (full 1):
 PSYoungGen      total 33280K, used 4036K [0x00000000dac00000, 0x00000000ddb00000, 0x0000000100000000)
  eden space 28672K, 0% used [0x00000000dac00000,0x00000000dac00000,0x00000000dc800000)
  from space 4608K, 87% used [0x00000000dcc80000,0x00000000dd071148,0x00000000dd100000)
  to   space 4608K, 0% used [0x00000000dc800000,0x00000000dc800000,0x00000000dcc80000)
 ParOldGen       total 52224K, used 2123K [0x0000000090400000, 0x0000000093700000, 0x00000000dac00000)
  object space 52224K, 4% used [0x0000000090400000,0x0000000090612db8,0x0000000093700000)
 Metaspace       used 8710K, capacity 8840K, committed 9088K, reserved 1056768K
  class space    used 1055K, capacity 1114K, committed 1152K, reserved 1048576K
}
Event: 2.604 GC heap before
{Heap before GC invocations=4 (full 1):
 PSYoungGen      total 33280K, used 32708K [0x00000000dac00000, 0x00000000ddb00000, 0x0000000100000000)
  eden space 28672K, 100% used [0x00000000dac00000,0x00000000dc800000,0x00000000dc800000)
  from space 4608K, 87% used [0x00000000dcc80000,0x00000000dd071148,0x00000000dd100000)
  to   space 4608K, 0% used [0x00000000dc800000,0x00000000dc800000,0x00000000dcc80000)
 ParOldGen       total 52224K, used 2123K [0x0000000090400000, 0x0000000093700000, 0x00000000dac00000)
  object space 52224K, 4% used [0x0000000090400000,0x0000000090612db8,0x0000000093700000)
 Metaspace       used 11970K, capacity 12162K, committed 12416K, reserved 1060864K
  class space    used 1491K, capacity 1576K, committed 1664K, reserved 1048576K
Event: 2.613 GC heap after
Heap after GC invocations=4 (full 1):
 PSYoungGen      total 33280K, used 4595K [0x00000000dac00000, 0x00000000ddb00000, 0x0000000100000000)
  eden space 28672K, 0% used [0x00000000dac00000,0x00000000dac00000,0x00000000dc800000)
  from space 4608K, 99% used [0x00000000dc800000,0x00000000dcc7cca0,0x00000000dcc80000)
  to   space 4608K, 0% used [0x00000000dcc80000,0x00000000dcc80000,0x00000000dd100000)
 ParOldGen       total 52224K, used 3262K [0x0000000090400000, 0x0000000093700000, 0x00000000dac00000)
  object space 52224K, 6% used [0x0000000090400000,0x000000009072fbb8,0x0000000093700000)
 Metaspace       used 11970K, capacity 12162K, committed 12416K, reserved 1060864K
  class space    used 1491K, capacity 1576K, committed 1664K, reserved 1048576K
}

