<?xml version="1.0" encoding="UTF-8"?>
<testsuite xmlns:xsi="http://www.w3.org/2001/XMLSchema-instance" xsi:noNamespaceSchemaLocation="https://maven.apache.org/surefire/maven-surefire-plugin/xsd/surefire-test-report.xsd" name="NotaFiscalTest" time="0.068" tests="7" errors="0" skipped="0" failures="0">
  <properties>
[...]
</properties>
  <testcase name="removerProdutoPorNomeDeveRemoverProduto" classname="NotaFiscalTest" time="0.037"/>
  <testcase name="adicionarProdutoDeveAumentarValorTotal" classname="NotaFiscalTest" time="0.002"/>
  <testcase name="possuiProdutoPorNomeDeveRetornarTrueSeProdutoExistir" classname="NotaFiscalTest" time="0.001"/>
  <testcase name="calcularValorTotalDeveRetornarZeroParaListaVazia" classname="NotaFiscalTest" time="0.001"/>
  <testcase name="getProdutosOrdenadosPorNomeDeveRetornarListaOrdenada" classname="NotaFiscalTest" time="0.002"/>
  <testcase name="getProdutoPorNomeDeveRetornarProdutoCorreto" classname="NotaFiscalTest" time="0.002"/>
  <testcase name="getProdutosOrdenadosPorPrecoDeveRetornarListaOrdenada" classname="NotaFiscalTest" time="0.002"/>
</testsuite>